{"D:\\Programação\\Fullstack Master\\Módulo 12 - Projeto calculadora\\controllers\\index.test.js":{"path":"D:\\Programação\\Fullstack Master\\Módulo 12 - Projeto calculadora\\controllers\\index.test.js","s":{"1":1,"2":1,"3":1,"4":1,"5":1,"6":1,"7":1,"8":1},"b":{},"f":{"1":0},"fnMap":{"1":{"name":"(anonymous_1)","line":8,"loc":{"start":{"line":8,"column":14},"end":{"line":8,"column":25}}}},"statementMap":{"1":{"start":{"line":1,"column":0},"end":{"line":1,"column":31}},"2":{"start":{"line":3,"column":0},"end":{"line":3,"column":43}},"3":{"start":{"line":5,"column":0},"end":{"line":16,"column":2}},"4":{"start":{"line":6,"column":2},"end":{"line":15,"column":4}},"5":{"start":{"line":7,"column":4},"end":{"line":9,"column":6}},"6":{"start":{"line":11,"column":4},"end":{"line":11,"column":31}},"7":{"start":{"line":13,"column":4},"end":{"line":13,"column":51}},"8":{"start":{"line":14,"column":4},"end":{"line":14,"column":34}}},"branchMap":{}},"D:\\Programação\\Fullstack Master\\Módulo 12 - Projeto calculadora\\controllers\\index.js":{"path":"D:\\Programação\\Fullstack Master\\Módulo 12 - Projeto calculadora\\controllers\\index.js","s":{"1":1,"2":1,"3":1},"b":{},"f":{},"fnMap":{},"statementMap":{"1":{"start":{"line":1,"column":0},"end":{"line":3,"column":1}},"2":{"start":{"line":2,"column":2},"end":{"line":2,"column":26}},"3":{"start":{"line":5,"column":0},"end":{"line":5,"column":26}}},"branchMap":{}},"D:\\Programação\\Fullstack Master\\Módulo 12 - Projeto calculadora\\controllers\\tabuada.test.js":{"path":"D:\\Programação\\Fullstack Master\\Módulo 12 - Projeto calculadora\\controllers\\tabuada.test.js","s":{"1":1,"2":1,"3":1,"4":1,"5":1,"6":1,"7":101,"8":1,"9":1,"10":1,"11":1,"12":1,"13":1,"14":1,"15":1,"16":10,"17":1,"18":1,"19":1,"20":1},"b":{},"f":{"1":0,"2":0},"fnMap":{"1":{"name":"(anonymous_1)","line":13,"loc":{"start":{"line":13,"column":14},"end":{"line":13,"column":25}}},"2":{"name":"(anonymous_2)","line":35,"loc":{"start":{"line":35,"column":14},"end":{"line":35,"column":25}}}},"statementMap":{"1":{"start":{"line":1,"column":0},"end":{"line":1,"column":31}},"2":{"start":{"line":3,"column":0},"end":{"line":3,"column":47}},"3":{"start":{"line":5,"column":0},"end":{"line":47,"column":2}},"4":{"start":{"line":6,"column":2},"end":{"line":20,"column":4}},"5":{"start":{"line":7,"column":4},"end":{"line":7,"column":23}},"6":{"start":{"line":8,"column":4},"end":{"line":10,"column":5}},"7":{"start":{"line":9,"column":6},"end":{"line":9,"column":22}},"8":{"start":{"line":12,"column":4},"end":{"line":14,"column":6}},"9":{"start":{"line":16,"column":4},"end":{"line":16,"column":31}},"10":{"start":{"line":18,"column":4},"end":{"line":18,"column":72}},"11":{"start":{"line":19,"column":4},"end":{"line":19,"column":36}},"12":{"start":{"line":22,"column":2},"end":{"line":46,"column":4}},"13":{"start":{"line":23,"column":4},"end":{"line":23,"column":24}},"14":{"start":{"line":24,"column":4},"end":{"line":24,"column":18}},"15":{"start":{"line":26,"column":4},"end":{"line":32,"column":5}},"16":{"start":{"line":27,"column":6},"end":{"line":31,"column":9}},"17":{"start":{"line":34,"column":4},"end":{"line":36,"column":6}},"18":{"start":{"line":38,"column":4},"end":{"line":38,"column":31}},"19":{"start":{"line":40,"column":4},"end":{"line":43,"column":7}},"20":{"start":{"line":45,"column":4},"end":{"line":45,"column":57}}},"branchMap":{}},"D:\\Programação\\Fullstack Master\\Módulo 12 - Projeto calculadora\\controllers\\tabuada.js":{"path":"D:\\Programação\\Fullstack Master\\Módulo 12 - Projeto calculadora\\controllers\\tabuada.js","s":{"1":1,"2":1,"3":1,"4":101,"5":1,"6":1,"7":1,"8":1,"9":1,"10":10,"11":1,"12":1},"b":{},"f":{},"fnMap":{},"statementMap":{"1":{"start":{"line":1,"column":0},"end":{"line":8,"column":1}},"2":{"start":{"line":2,"column":2},"end":{"line":2,"column":21}},"3":{"start":{"line":3,"column":2},"end":{"line":5,"column":3}},"4":{"start":{"line":4,"column":4},"end":{"line":4,"column":20}},"5":{"start":{"line":7,"column":2},"end":{"line":7,"column":47}},"6":{"start":{"line":10,"column":0},"end":{"line":26,"column":1}},"7":{"start":{"line":11,"column":2},"end":{"line":11,"column":33}},"8":{"start":{"line":12,"column":2},"end":{"line":12,"column":22}},"9":{"start":{"line":14,"column":2},"end":{"line":20,"column":3}},"10":{"start":{"line":15,"column":4},"end":{"line":19,"column":7}},"11":{"start":{"line":22,"column":2},"end":{"line":25,"column":5}},"12":{"start":{"line":28,"column":0},"end":{"line":31,"column":1}}},"branchMap":{}}}