TN:
SF:D:\Programação\Fullstack Master\Módulo 12 - Projeto calculadora\controllers\index.test.js
FN:8,(anonymous_1)
FNF:1
FNH:0
FNDA:0,(anonymous_1)
DA:1,1
DA:3,1
DA:5,1
DA:6,1
DA:7,1
DA:11,1
DA:13,1
DA:14,1
LF:8
LH:8
BRF:0
BRH:0
end_of_record
TN:
SF:D:\Programação\Fullstack Master\Módulo 12 - Projeto calculadora\controllers\index.js
FNF:0
FNH:0
DA:1,1
DA:2,1
DA:5,1
LF:3
LH:3
BRF:0
BRH:0
end_of_record
TN:
SF:D:\Programação\Fullstack Master\Módulo 12 - Projeto calculadora\controllers\tabuada.test.js
FN:13,(anonymous_1)
FN:35,(anonymous_2)
FNF:2
FNH:0
FNDA:0,(anonymous_1)
FNDA:0,(anonymous_2)
DA:1,1
DA:3,1
DA:5,1
DA:6,1
DA:7,1
DA:8,1
DA:9,101
DA:12,1
DA:16,1
DA:18,1
DA:19,1
DA:22,1
DA:23,1
DA:24,1
DA:26,1
DA:27,10
DA:34,1
DA:38,1
DA:40,1
DA:45,1
LF:20
LH:20
BRF:0
BRH:0
end_of_record
TN:
SF:D:\Programação\Fullstack Master\Módulo 12 - Projeto calculadora\controllers\tabuada.js
FNF:0
FNH:0
DA:1,1
DA:2,1
DA:3,1
DA:4,101
DA:7,1
DA:10,1
DA:11,1
DA:12,1
DA:14,1
DA:15,10
DA:22,1
DA:28,1
LF:12
LH:12
BRF:0
BRH:0
end_of_record
